2018-06-07 14:44:48,597 [Worker-14] INFO  o.e.m.c.i.l.LifecycleMappingFactory - Using org.eclipse.m2e.jdt.JarLifecycleMapping lifecycle mapping for MavenProject: com.gwg.shiro:shiro-helloworld:1.0-SNAPSHOT @ E:\shiro_workspace\shiro-parent\shiro-helloworld\pom.xml.
2018-06-07 14:44:50,120 [Worker-14] INFO  o.e.m.c.i.e.AbstractTransferListenerAdapter - Downloading https://repo.maven.apache.org/maven2/org/apache/shiro/shiro-core/1.2.3/shiro-core-1.2.3.pom
2018-06-07 14:44:50,353 [Worker-14] INFO  o.e.m.c.i.e.AbstractTransferListenerAdapter - Downloaded https://repo.maven.apache.org/maven2/org/apache/shiro/shiro-core/1.2.3/shiro-core-1.2.3.pom
2018-06-07 14:44:50,563 [Worker-14] INFO  o.e.m.c.i.e.AbstractTransferListenerAdapter - Downloading https://repo.maven.apache.org/maven2/org/apache/shiro/shiro-root/1.2.3/shiro-root-1.2.3.pom
2018-06-07 14:44:51,269 [Worker-14] INFO  o.e.m.c.i.e.AbstractTransferListenerAdapter - Downloaded https://repo.maven.apache.org/maven2/org/apache/shiro/shiro-root/1.2.3/shiro-root-1.2.3.pom
2018-06-07 14:44:51,664 [Worker-14] INFO  o.e.m.c.i.e.AbstractTransferListenerAdapter - Downloading https://repo.maven.apache.org/maven2/commons-beanutils/commons-beanutils/1.8.3/commons-beanutils-1.8.3.pom
2018-06-07 14:44:51,870 [Worker-14] INFO  o.e.m.c.i.e.AbstractTransferListenerAdapter - Downloaded https://repo.maven.apache.org/maven2/commons-beanutils/commons-beanutils/1.8.3/commons-beanutils-1.8.3.pom
2018-06-07 14:44:52,199 [Worker-14] INFO  o.e.m.c.i.e.AbstractTransferListenerAdapter - Downloading https://repo.maven.apache.org/maven2/org/slf4j/slf4j-simple/1.6.1/slf4j-simple-1.6.1.pom
2018-06-07 14:44:52,390 [Worker-14] INFO  o.e.m.c.i.e.AbstractTransferListenerAdapter - Downloaded https://repo.maven.apache.org/maven2/org/slf4j/slf4j-simple/1.6.1/slf4j-simple-1.6.1.pom
2018-06-07 14:44:52,583 [Worker-14] INFO  o.e.m.c.i.e.AbstractTransferListenerAdapter - Downloading https://repo.maven.apache.org/maven2/org/slf4j/slf4j-parent/1.6.1/slf4j-parent-1.6.1.pom
2018-06-07 14:44:52,796 [Worker-14] INFO  o.e.m.c.i.e.AbstractTransferListenerAdapter - Downloaded https://repo.maven.apache.org/maven2/org/slf4j/slf4j-parent/1.6.1/slf4j-parent-1.6.1.pom
2018-06-07 14:44:52,993 [Worker-14] INFO  o.e.m.c.i.e.AbstractTransferListenerAdapter - Downloading https://repo.maven.apache.org/maven2/org/slf4j/slf4j-api/1.6.1/slf4j-api-1.6.1.pom
2018-06-07 14:44:53,190 [Worker-14] INFO  o.e.m.c.i.e.AbstractTransferListenerAdapter - Downloaded https://repo.maven.apache.org/maven2/org/slf4j/slf4j-api/1.6.1/slf4j-api-1.6.1.pom
2018-06-07 14:44:53,402 [Worker-14] INFO  o.e.m.c.i.e.AbstractTransferListenerAdapter - Downloading https://repo.maven.apache.org/maven2/org/apache/shiro/shiro-core/1.2.3/shiro-core-1.2.3.jar
2018-06-07 14:44:54,519 [Worker-14] INFO  o.e.m.c.i.e.AbstractTransferListenerAdapter - Downloaded https://repo.maven.apache.org/maven2/org/apache/shiro/shiro-core/1.2.3/shiro-core-1.2.3.jar
2018-06-07 14:44:54,690 [Worker-14] INFO  o.e.m.c.i.e.AbstractTransferListenerAdapter - Downloading https://repo.maven.apache.org/maven2/org/slf4j/slf4j-api/1.6.4/slf4j-api-1.6.4.jar
2018-06-07 14:44:54,940 [Worker-14] INFO  o.e.m.c.i.e.AbstractTransferListenerAdapter - Downloaded https://repo.maven.apache.org/maven2/org/slf4j/slf4j-api/1.6.4/slf4j-api-1.6.4.jar
2018-06-07 14:44:55,108 [Worker-14] INFO  o.e.m.c.i.e.AbstractTransferListenerAdapter - Downloading https://repo.maven.apache.org/maven2/commons-beanutils/commons-beanutils/1.8.3/commons-beanutils-1.8.3.jar
2018-06-07 14:44:55,641 [Worker-14] INFO  o.e.m.c.i.e.AbstractTransferListenerAdapter - Downloaded https://repo.maven.apache.org/maven2/commons-beanutils/commons-beanutils/1.8.3/commons-beanutils-1.8.3.jar
2018-06-07 14:44:55,796 [Worker-14] INFO  o.e.m.c.i.e.AbstractTransferListenerAdapter - Downloading https://repo.maven.apache.org/maven2/org/slf4j/slf4j-simple/1.6.1/slf4j-simple-1.6.1.jar
2018-06-07 14:44:55,985 [Worker-14] INFO  o.e.m.c.i.e.AbstractTransferListenerAdapter - Downloaded https://repo.maven.apache.org/maven2/org/slf4j/slf4j-simple/1.6.1/slf4j-simple-1.6.1.jar
2018-06-07 14:44:57,008 [Worker-14] INFO  o.e.m.c.i.l.LifecycleMappingFactory - Using org.eclipse.m2e.jdt.JarLifecycleMapping lifecycle mapping for MavenProject: com.gwg.shiro:shiro-iniConfiguration:1.0-SNAPSHOT @ E:\shiro_workspace\shiro-parent\shiro-iniConfiguration\pom.xml.
2018-06-07 14:44:57,334 [Worker-14] INFO  o.e.m.c.i.e.AbstractTransferListenerAdapter - Downloading https://repo.maven.apache.org/maven2/commons-logging/commons-logging/1.1.3/commons-logging-1.1.3.pom
2018-06-07 14:44:57,536 [Worker-14] INFO  o.e.m.c.i.e.AbstractTransferListenerAdapter - Downloaded https://repo.maven.apache.org/maven2/commons-logging/commons-logging/1.1.3/commons-logging-1.1.3.pom
2018-06-07 14:44:57,876 [Worker-14] INFO  o.e.m.c.i.e.AbstractTransferListenerAdapter - Downloading https://repo.maven.apache.org/maven2/commons-logging/commons-logging/1.1.3/commons-logging-1.1.3.jar
2018-06-07 14:44:58,156 [Worker-14] INFO  o.e.m.c.i.e.AbstractTransferListenerAdapter - Downloaded https://repo.maven.apache.org/maven2/commons-logging/commons-logging/1.1.3/commons-logging-1.1.3.jar
2018-06-07 14:44:58,548 [Worker-14] INFO  o.e.m.c.i.l.LifecycleMappingFactory - Using org.eclipse.m2e.jdt.JarLifecycleMapping lifecycle mapping for MavenProject: com.gwg.shiro:shiro-Realm:1.0-SNAPSHOT @ E:\shiro_workspace\shiro-parent\shiro-Realm\pom.xml.
2018-06-07 14:44:58,667 [Worker-14] INFO  o.e.m.c.i.l.LifecycleMappingFactory - Using org.eclipse.m2e.jdt.JarLifecycleMapping lifecycle mapping for MavenProject: com.gwg.shiro:shiro-authenticationBaseOnJspTag:1.0-SNAPSHOT @ E:\shiro_workspace\shiro-parent\shiro-authenticationBaseOnJspTag\pom.xml.
2018-06-07 14:44:58,868 [Worker-14] INFO  o.e.m.c.i.e.AbstractTransferListenerAdapter - Downloading https://repo.maven.apache.org/maven2/org/apache/shiro/shiro-cas/1.2.3/shiro-cas-1.2.3.pom
2018-06-07 14:44:59,070 [Worker-14] INFO  o.e.m.c.i.e.AbstractTransferListenerAdapter - Downloaded https://repo.maven.apache.org/maven2/org/apache/shiro/shiro-cas/1.2.3/shiro-cas-1.2.3.pom
2018-06-07 14:44:59,264 [Worker-14] INFO  o.e.m.c.i.e.AbstractTransferListenerAdapter - Downloading https://repo.maven.apache.org/maven2/org/apache/shiro/shiro-web/1.2.3/shiro-web-1.2.3.pom
2018-06-07 14:44:59,455 [Worker-14] INFO  o.e.m.c.i.e.AbstractTransferListenerAdapter - Downloaded https://repo.maven.apache.org/maven2/org/apache/shiro/shiro-web/1.2.3/shiro-web-1.2.3.pom
2018-06-07 14:44:59,659 [Worker-14] INFO  o.e.m.c.i.e.AbstractTransferListenerAdapter - Downloading https://repo.maven.apache.org/maven2/org/jasig/cas/client/cas-client-core/3.2.1/cas-client-core-3.2.1.pom
2018-06-07 14:44:59,857 [Worker-14] INFO  o.e.m.c.i.e.AbstractTransferListenerAdapter - Downloaded https://repo.maven.apache.org/maven2/org/jasig/cas/client/cas-client-core/3.2.1/cas-client-core-3.2.1.pom
2018-06-07 14:45:00,047 [Worker-14] INFO  o.e.m.c.i.e.AbstractTransferListenerAdapter - Downloading https://repo.maven.apache.org/maven2/org/jasig/cas/client/cas-client/3.2.1/cas-client-3.2.1.pom
2018-06-07 14:45:00,355 [Worker-14] INFO  o.e.m.c.i.e.AbstractTransferListenerAdapter - Downloaded https://repo.maven.apache.org/maven2/org/jasig/cas/client/cas-client/3.2.1/cas-client-3.2.1.pom
2018-06-07 14:45:00,587 [Worker-14] INFO  o.e.m.c.i.e.AbstractTransferListenerAdapter - Downloading https://repo.maven.apache.org/maven2/org/jasig/parent/jasig-parent/22/jasig-parent-22.pom
2018-06-07 14:45:00,775 [Worker-14] INFO  o.e.m.c.i.e.AbstractTransferListenerAdapter - Downloaded https://repo.maven.apache.org/maven2/org/jasig/parent/jasig-parent/22/jasig-parent-22.pom
2018-06-07 14:45:01,159 [Worker-14] INFO  o.e.m.c.i.e.AbstractTransferListenerAdapter - Downloading https://repo.maven.apache.org/maven2/org/apache/shiro/shiro-cas/1.2.3/shiro-cas-1.2.3.jar
2018-06-07 14:45:01,449 [Worker-14] INFO  o.e.m.c.i.e.AbstractTransferListenerAdapter - Downloaded https://repo.maven.apache.org/maven2/org/apache/shiro/shiro-cas/1.2.3/shiro-cas-1.2.3.jar
2018-06-07 14:45:01,623 [Worker-14] INFO  o.e.m.c.i.e.AbstractTransferListenerAdapter - Downloading https://repo.maven.apache.org/maven2/org/apache/shiro/shiro-web/1.2.3/shiro-web-1.2.3.jar
2018-06-07 14:45:02,059 [Worker-14] INFO  o.e.m.c.i.e.AbstractTransferListenerAdapter - Downloaded https://repo.maven.apache.org/maven2/org/apache/shiro/shiro-web/1.2.3/shiro-web-1.2.3.jar
2018-06-07 14:45:02,260 [Worker-14] INFO  o.e.m.c.i.e.AbstractTransferListenerAdapter - Downloading https://repo.maven.apache.org/maven2/org/jasig/cas/client/cas-client-core/3.2.1/cas-client-core-3.2.1.jar
2018-06-07 14:45:02,560 [Worker-14] INFO  o.e.m.c.i.e.AbstractTransferListenerAdapter - Downloaded https://repo.maven.apache.org/maven2/org/jasig/cas/client/cas-client-core/3.2.1/cas-client-core-3.2.1.jar
2018-06-07 14:45:03,203 [Worker-14] INFO  o.e.m.c.i.l.LifecycleMappingFactory - Using org.eclipse.m2e.jdt.JarLifecycleMapping lifecycle mapping for MavenProject: com.gwg.shiro:shiro-cas:1.0-SNAPSHOT @ E:\shiro_workspace\shiro-parent\shiro-cas\pom.xml.
